Started GET "/" for 127.0.0.1 at 2018-04-15 00:11:30 -0700
Processing by Rails::WelcomeController#index as HTML
Started GET "/" for 127.0.0.1 at 2018-04-15 00:11:32 -0700
Processing by Rails::WelcomeController#index as HTML
  Rendering /Users/vincentxia/.rbenv/versions/2.5.0/lib/ruby/gems/2.5.0/gems/railties-5.1.6/lib/rails/templates/rails/welcome/index.html.erb
  Rendering /Users/vincentxia/.rbenv/versions/2.5.0/lib/ruby/gems/2.5.0/gems/railties-5.1.6/lib/rails/templates/rails/welcome/index.html.erb
  Rendered /Users/vincentxia/.rbenv/versions/2.5.0/lib/ruby/gems/2.5.0/gems/railties-5.1.6/lib/rails/templates/rails/welcome/index.html.erb (21.4ms)
  Rendered /Users/vincentxia/.rbenv/versions/2.5.0/lib/ruby/gems/2.5.0/gems/railties-5.1.6/lib/rails/templates/rails/welcome/index.html.erb (18.0ms)
Completed 200 OK in 879ms (Views: 107.0ms)


Completed 200 OK in 2798ms (Views: 107.3ms)


Started GET "/" for 127.0.0.1 at 2018-04-15 00:13:45 -0700
Processing by Rails::WelcomeController#index as HTML
  Rendering /Users/vincentxia/.rbenv/versions/2.5.0/lib/ruby/gems/2.5.0/gems/railties-5.1.6/lib/rails/templates/rails/welcome/index.html.erb
  Rendered /Users/vincentxia/.rbenv/versions/2.5.0/lib/ruby/gems/2.5.0/gems/railties-5.1.6/lib/rails/templates/rails/welcome/index.html.erb (3.3ms)
Completed 200 OK in 29ms (Views: 9.8ms)


Started GET "/" for 127.0.0.1 at 2018-04-15 00:16:00 -0700
Processing by PagesController#home as HTML
  Rendering pages/home.html.erb within layouts/application
  Rendered pages/home.html.erb within layouts/application (0.4ms)
Completed 200 OK in 5994ms (Views: 5975.3ms)


Started GET "/" for 127.0.0.1 at 2018-04-15 00:21:43 -0700
Processing by PagesController#home as HTML
  Rendering pages/home.html.erb within layouts/application
  Rendered pages/home.html.erb within layouts/application (3.2ms)
Completed 200 OK in 388ms (Views: 365.2ms)


Started GET "/" for 127.0.0.1 at 2018-04-15 00:22:13 -0700
Processing by PagesController#home as HTML
  Rendering pages/home.html.erb within layouts/application
  Rendered pages/home.html.erb within layouts/application (0.5ms)
Completed 200 OK in 123ms (Views: 119.4ms)


Started GET "/" for 127.0.0.1 at 2018-04-15 00:28:01 -0700
Processing by PagesController#home as HTML
  Rendering pages/home.html.erb within layouts/application
  Rendered pages/home.html.erb within layouts/application (2.8ms)
Completed 500 Internal Server Error in 133ms


  
ActionView::Template::Error (couldn't find file 'main' with type 'text/css'
Checked in these paths: 
  /Users/vincentxia/Sites/ads/dumbAds/app/assets/config
  /Users/vincentxia/Sites/ads/dumbAds/app/assets/images
  /Users/vincentxia/Sites/ads/dumbAds/app/assets/javascripts
  /Users/vincentxia/Sites/ads/dumbAds/app/assets/stylesheets
  /Users/vincentxia/.rbenv/versions/2.5.0/lib/ruby/gems/2.5.0/gems/coffee-rails-4.2.2/lib/assets/javascripts
  /Users/vincentxia/.rbenv/versions/2.5.0/lib/ruby/gems/2.5.0/gems/actioncable-5.1.6/lib/assets/compiled
  /Users/vincentxia/.rbenv/versions/2.5.0/lib/ruby/gems/2.5.0/gems/actionview-5.1.6/lib/assets/compiled
  /Users/vincentxia/.rbenv/versions/2.5.0/lib/ruby/gems/2.5.0/gems/turbolinks-source-5.1.0/lib/assets/javascripts
  /Users/vincentxia/Sites/ads/dumbAds/node_modules):
    4:     <title>Ads</title>
    5:     <%= csrf_meta_tags %>
    6: 
    7:     <%= stylesheet_link_tag    'application', media: 'all', 'data-turbolinks-track': 'reload' %>
    8:     <%= javascript_include_tag 'application', 'data-turbolinks-track': 'reload' %>
    9:   </head>
   10: 
  
app/assets/stylesheets/application.css:15
app/views/layouts/application.html.erb:7:in `_app_views_layouts_application_html_erb___1043200063941647556_70115879509320'
Started GET "/" for 127.0.0.1 at 2018-04-15 00:28:16 -0700
Processing by PagesController#home as HTML
  Rendering pages/home.html.erb within layouts/application
  Rendered pages/home.html.erb within layouts/application (0.4ms)
Completed 500 Internal Server Error in 24ms


  
ActionView::Template::Error (couldn't find file 'main' with type 'text/css'
Checked in these paths: 
  /Users/vincentxia/Sites/ads/dumbAds/app/assets/config
  /Users/vincentxia/Sites/ads/dumbAds/app/assets/images
  /Users/vincentxia/Sites/ads/dumbAds/app/assets/javascripts
  /Users/vincentxia/Sites/ads/dumbAds/app/assets/stylesheets
  /Users/vincentxia/.rbenv/versions/2.5.0/lib/ruby/gems/2.5.0/gems/coffee-rails-4.2.2/lib/assets/javascripts
  /Users/vincentxia/.rbenv/versions/2.5.0/lib/ruby/gems/2.5.0/gems/actioncable-5.1.6/lib/assets/compiled
  /Users/vincentxia/.rbenv/versions/2.5.0/lib/ruby/gems/2.5.0/gems/actionview-5.1.6/lib/assets/compiled
  /Users/vincentxia/.rbenv/versions/2.5.0/lib/ruby/gems/2.5.0/gems/turbolinks-source-5.1.0/lib/assets/javascripts
  /Users/vincentxia/Sites/ads/dumbAds/node_modules):
    4:     <title>Ads</title>
    5:     <%= csrf_meta_tags %>
    6: 
    7:     <%= stylesheet_link_tag    'application', media: 'all', 'data-turbolinks-track': 'reload' %>
    8:     <%= javascript_include_tag 'application', 'data-turbolinks-track': 'reload' %>
    9:   </head>
   10: 
  
app/assets/stylesheets/application.css:15
app/views/layouts/application.html.erb:7:in `_app_views_layouts_application_html_erb___1043200063941647556_70115928887140'
Started GET "/" for 127.0.0.1 at 2018-04-15 00:28:28 -0700
Processing by PagesController#home as HTML
  Rendering pages/home.html.erb within layouts/application
  Rendered pages/home.html.erb within layouts/application (0.9ms)
Completed 500 Internal Server Error in 27ms


  
ActionView::Template::Error (couldn't find file 'select2' with type 'text/css'
Checked in these paths: 
  /Users/vincentxia/Sites/ads/dumbAds/app/assets/config
  /Users/vincentxia/Sites/ads/dumbAds/app/assets/images
  /Users/vincentxia/Sites/ads/dumbAds/app/assets/javascripts
  /Users/vincentxia/Sites/ads/dumbAds/app/assets/stylesheets
  /Users/vincentxia/.rbenv/versions/2.5.0/lib/ruby/gems/2.5.0/gems/coffee-rails-4.2.2/lib/assets/javascripts
  /Users/vincentxia/.rbenv/versions/2.5.0/lib/ruby/gems/2.5.0/gems/actioncable-5.1.6/lib/assets/compiled
  /Users/vincentxia/.rbenv/versions/2.5.0/lib/ruby/gems/2.5.0/gems/actionview-5.1.6/lib/assets/compiled
  /Users/vincentxia/.rbenv/versions/2.5.0/lib/ruby/gems/2.5.0/gems/turbolinks-source-5.1.0/lib/assets/javascripts
  /Users/vincentxia/Sites/ads/dumbAds/node_modules):
    4:     <title>Ads</title>
    5:     <%= csrf_meta_tags %>
    6: 
    7:     <%= stylesheet_link_tag    'application', media: 'all', 'data-turbolinks-track': 'reload' %>
    8:     <%= javascript_include_tag 'application', 'data-turbolinks-track': 'reload' %>
    9:   </head>
   10: 
  
app/assets/stylesheets/application.css:15
app/views/layouts/application.html.erb:7:in `_app_views_layouts_application_html_erb___1043200063941647556_70115932834080'
Started GET "/" for 127.0.0.1 at 2018-04-15 00:28:38 -0700
Processing by PagesController#home as HTML
  Rendering pages/home.html.erb within layouts/application
  Rendered pages/home.html.erb within layouts/application (1.1ms)
Completed 500 Internal Server Error in 23ms


  
ActionView::Template::Error (couldn't find file 'croppie.min' with type 'text/css'
Checked in these paths: 
  /Users/vincentxia/Sites/ads/dumbAds/app/assets/config
  /Users/vincentxia/Sites/ads/dumbAds/app/assets/images
  /Users/vincentxia/Sites/ads/dumbAds/app/assets/javascripts
  /Users/vincentxia/Sites/ads/dumbAds/app/assets/stylesheets
  /Users/vincentxia/.rbenv/versions/2.5.0/lib/ruby/gems/2.5.0/gems/coffee-rails-4.2.2/lib/assets/javascripts
  /Users/vincentxia/.rbenv/versions/2.5.0/lib/ruby/gems/2.5.0/gems/actioncable-5.1.6/lib/assets/compiled
  /Users/vincentxia/.rbenv/versions/2.5.0/lib/ruby/gems/2.5.0/gems/actionview-5.1.6/lib/assets/compiled
  /Users/vincentxia/.rbenv/versions/2.5.0/lib/ruby/gems/2.5.0/gems/turbolinks-source-5.1.0/lib/assets/javascripts
  /Users/vincentxia/Sites/ads/dumbAds/node_modules):
    4:     <title>Ads</title>
    5:     <%= csrf_meta_tags %>
    6: 
    7:     <%= stylesheet_link_tag    'application', media: 'all', 'data-turbolinks-track': 'reload' %>
    8:     <%= javascript_include_tag 'application', 'data-turbolinks-track': 'reload' %>
    9:   </head>
   10: 
  
app/assets/stylesheets/application.css:15
app/views/layouts/application.html.erb:7:in `_app_views_layouts_application_html_erb___1043200063941647556_70115879667180'
Started GET "/" for 127.0.0.1 at 2018-04-15 00:28:44 -0700
Processing by PagesController#home as HTML
  Rendering pages/home.html.erb within layouts/application
  Rendered pages/home.html.erb within layouts/application (0.7ms)
Completed 500 Internal Server Error in 25ms


  
ActionView::Template::Error (couldn't find file 'home' with type 'text/css'
Checked in these paths: 
  /Users/vincentxia/Sites/ads/dumbAds/app/assets/config
  /Users/vincentxia/Sites/ads/dumbAds/app/assets/images
  /Users/vincentxia/Sites/ads/dumbAds/app/assets/javascripts
  /Users/vincentxia/Sites/ads/dumbAds/app/assets/stylesheets
  /Users/vincentxia/.rbenv/versions/2.5.0/lib/ruby/gems/2.5.0/gems/coffee-rails-4.2.2/lib/assets/javascripts
  /Users/vincentxia/.rbenv/versions/2.5.0/lib/ruby/gems/2.5.0/gems/actioncable-5.1.6/lib/assets/compiled
  /Users/vincentxia/.rbenv/versions/2.5.0/lib/ruby/gems/2.5.0/gems/actionview-5.1.6/lib/assets/compiled
  /Users/vincentxia/.rbenv/versions/2.5.0/lib/ruby/gems/2.5.0/gems/turbolinks-source-5.1.0/lib/assets/javascripts
  /Users/vincentxia/Sites/ads/dumbAds/node_modules):
    4:     <title>Ads</title>
    5:     <%= csrf_meta_tags %>
    6: 
    7:     <%= stylesheet_link_tag    'application', media: 'all', 'data-turbolinks-track': 'reload' %>
    8:     <%= javascript_include_tag 'application', 'data-turbolinks-track': 'reload' %>
    9:   </head>
   10: 
  
app/assets/stylesheets/application.css:15
app/views/layouts/application.html.erb:7:in `_app_views_layouts_application_html_erb___1043200063941647556_70115877157520'
Started GET "/" for 127.0.0.1 at 2018-04-15 00:28:49 -0700
Processing by PagesController#home as HTML
  Rendering pages/home.html.erb within layouts/application
  Rendered pages/home.html.erb within layouts/application (0.4ms)
Completed 500 Internal Server Error in 49ms


  
ActionView::Template::Error (couldn't find file 'custom-fonts' with type 'text/css'
Checked in these paths: 
  /Users/vincentxia/Sites/ads/dumbAds/app/assets/config
  /Users/vincentxia/Sites/ads/dumbAds/app/assets/images
  /Users/vincentxia/Sites/ads/dumbAds/app/assets/javascripts
  /Users/vincentxia/Sites/ads/dumbAds/app/assets/stylesheets
  /Users/vincentxia/.rbenv/versions/2.5.0/lib/ruby/gems/2.5.0/gems/coffee-rails-4.2.2/lib/assets/javascripts
  /Users/vincentxia/.rbenv/versions/2.5.0/lib/ruby/gems/2.5.0/gems/actioncable-5.1.6/lib/assets/compiled
  /Users/vincentxia/.rbenv/versions/2.5.0/lib/ruby/gems/2.5.0/gems/actionview-5.1.6/lib/assets/compiled
  /Users/vincentxia/.rbenv/versions/2.5.0/lib/ruby/gems/2.5.0/gems/turbolinks-source-5.1.0/lib/assets/javascripts
  /Users/vincentxia/Sites/ads/dumbAds/node_modules):
    4:     <title>Ads</title>
    5:     <%= csrf_meta_tags %>
    6: 
    7:     <%= stylesheet_link_tag    'application', media: 'all', 'data-turbolinks-track': 'reload' %>
    8:     <%= javascript_include_tag 'application', 'data-turbolinks-track': 'reload' %>
    9:   </head>
   10: 
  
app/assets/stylesheets/application.css:15
app/views/layouts/application.html.erb:7:in `_app_views_layouts_application_html_erb___1043200063941647556_70115912832120'
Started GET "/" for 127.0.0.1 at 2018-04-15 00:28:56 -0700
Processing by PagesController#home as HTML
  Rendering pages/home.html.erb within layouts/application
  Rendered pages/home.html.erb within layouts/application (0.5ms)
Completed 500 Internal Server Error in 66ms


  
ActionView::Template::Error (couldn't find file 'jquery' with type 'application/javascript'
Checked in these paths: 
  /Users/vincentxia/Sites/ads/dumbAds/app/assets/config
  /Users/vincentxia/Sites/ads/dumbAds/app/assets/images
  /Users/vincentxia/Sites/ads/dumbAds/app/assets/javascripts
  /Users/vincentxia/Sites/ads/dumbAds/app/assets/stylesheets
  /Users/vincentxia/.rbenv/versions/2.5.0/lib/ruby/gems/2.5.0/gems/coffee-rails-4.2.2/lib/assets/javascripts
  /Users/vincentxia/.rbenv/versions/2.5.0/lib/ruby/gems/2.5.0/gems/actioncable-5.1.6/lib/assets/compiled
  /Users/vincentxia/.rbenv/versions/2.5.0/lib/ruby/gems/2.5.0/gems/actionview-5.1.6/lib/assets/compiled
  /Users/vincentxia/.rbenv/versions/2.5.0/lib/ruby/gems/2.5.0/gems/turbolinks-source-5.1.0/lib/assets/javascripts
  /Users/vincentxia/Sites/ads/dumbAds/node_modules):
     5:     <%= csrf_meta_tags %>
     6: 
     7:     <%= stylesheet_link_tag    'application', media: 'all', 'data-turbolinks-track': 'reload' %>
     8:     <%= javascript_include_tag 'application', 'data-turbolinks-track': 'reload' %>
     9:   </head>
    10: 
    11:   <body>
  
app/assets/javascripts/application.js:13
app/views/layouts/application.html.erb:8:in `_app_views_layouts_application_html_erb___1043200063941647556_70115910779400'
Started GET "/" for 127.0.0.1 at 2018-04-15 00:29:04 -0700
Processing by PagesController#home as HTML
  Rendering pages/home.html.erb within layouts/application
  Rendered pages/home.html.erb within layouts/application (0.6ms)
Completed 500 Internal Server Error in 28ms


  
ActionView::Template::Error (couldn't find file 'popper' with type 'application/javascript'
Checked in these paths: 
  /Users/vincentxia/Sites/ads/dumbAds/app/assets/config
  /Users/vincentxia/Sites/ads/dumbAds/app/assets/images
  /Users/vincentxia/Sites/ads/dumbAds/app/assets/javascripts
  /Users/vincentxia/Sites/ads/dumbAds/app/assets/stylesheets
  /Users/vincentxia/.rbenv/versions/2.5.0/lib/ruby/gems/2.5.0/gems/coffee-rails-4.2.2/lib/assets/javascripts
  /Users/vincentxia/.rbenv/versions/2.5.0/lib/ruby/gems/2.5.0/gems/actioncable-5.1.6/lib/assets/compiled
  /Users/vincentxia/.rbenv/versions/2.5.0/lib/ruby/gems/2.5.0/gems/actionview-5.1.6/lib/assets/compiled
  /Users/vincentxia/.rbenv/versions/2.5.0/lib/ruby/gems/2.5.0/gems/turbolinks-source-5.1.0/lib/assets/javascripts
  /Users/vincentxia/Sites/ads/dumbAds/node_modules):
     5:     <%= csrf_meta_tags %>
     6: 
     7:     <%= stylesheet_link_tag    'application', media: 'all', 'data-turbolinks-track': 'reload' %>
     8:     <%= javascript_include_tag 'application', 'data-turbolinks-track': 'reload' %>
     9:   </head>
    10: 
    11:   <body>
  
app/assets/javascripts/application.js:13
app/views/layouts/application.html.erb:8:in `_app_views_layouts_application_html_erb___1043200063941647556_70115878888820'
Started GET "/" for 127.0.0.1 at 2018-04-15 00:29:09 -0700
Processing by PagesController#home as HTML
  Rendering pages/home.html.erb within layouts/application
  Rendered pages/home.html.erb within layouts/application (0.5ms)
Completed 500 Internal Server Error in 26ms


  
ActionView::Template::Error (couldn't find file 'bootstrap-sprockets' with type 'application/javascript'
Checked in these paths: 
  /Users/vincentxia/Sites/ads/dumbAds/app/assets/config
  /Users/vincentxia/Sites/ads/dumbAds/app/assets/images
  /Users/vincentxia/Sites/ads/dumbAds/app/assets/javascripts
  /Users/vincentxia/Sites/ads/dumbAds/app/assets/stylesheets
  /Users/vincentxia/.rbenv/versions/2.5.0/lib/ruby/gems/2.5.0/gems/coffee-rails-4.2.2/lib/assets/javascripts
  /Users/vincentxia/.rbenv/versions/2.5.0/lib/ruby/gems/2.5.0/gems/actioncable-5.1.6/lib/assets/compiled
  /Users/vincentxia/.rbenv/versions/2.5.0/lib/ruby/gems/2.5.0/gems/actionview-5.1.6/lib/assets/compiled
  /Users/vincentxia/.rbenv/versions/2.5.0/lib/ruby/gems/2.5.0/gems/turbolinks-source-5.1.0/lib/assets/javascripts
  /Users/vincentxia/Sites/ads/dumbAds/node_modules):
     5:     <%= csrf_meta_tags %>
     6: 
     7:     <%= stylesheet_link_tag    'application', media: 'all', 'data-turbolinks-track': 'reload' %>
     8:     <%= javascript_include_tag 'application', 'data-turbolinks-track': 'reload' %>
     9:   </head>
    10: 
    11:   <body>
  
app/assets/javascripts/application.js:13
app/views/layouts/application.html.erb:8:in `_app_views_layouts_application_html_erb___1043200063941647556_70115928660000'
Started GET "/" for 127.0.0.1 at 2018-04-15 00:29:15 -0700
Processing by PagesController#home as HTML
  Rendering pages/home.html.erb within layouts/application
  Rendered pages/home.html.erb within layouts/application (0.5ms)
Completed 500 Internal Server Error in 28ms


  
ActionView::Template::Error (couldn't find file 'bootstrap-slider' with type 'application/javascript'
Checked in these paths: 
  /Users/vincentxia/Sites/ads/dumbAds/app/assets/config
  /Users/vincentxia/Sites/ads/dumbAds/app/assets/images
  /Users/vincentxia/Sites/ads/dumbAds/app/assets/javascripts
  /Users/vincentxia/Sites/ads/dumbAds/app/assets/stylesheets
  /Users/vincentxia/.rbenv/versions/2.5.0/lib/ruby/gems/2.5.0/gems/coffee-rails-4.2.2/lib/assets/javascripts
  /Users/vincentxia/.rbenv/versions/2.5.0/lib/ruby/gems/2.5.0/gems/actioncable-5.1.6/lib/assets/compiled
  /Users/vincentxia/.rbenv/versions/2.5.0/lib/ruby/gems/2.5.0/gems/actionview-5.1.6/lib/assets/compiled
  /Users/vincentxia/.rbenv/versions/2.5.0/lib/ruby/gems/2.5.0/gems/turbolinks-source-5.1.0/lib/assets/javascripts
  /Users/vincentxia/Sites/ads/dumbAds/node_modules):
     5:     <%= csrf_meta_tags %>
     6: 
     7:     <%= stylesheet_link_tag    'application', media: 'all', 'data-turbolinks-track': 'reload' %>
     8:     <%= javascript_include_tag 'application', 'data-turbolinks-track': 'reload' %>
     9:   </head>
    10: 
    11:   <body>
  
app/assets/javascripts/application.js:14
app/views/layouts/application.html.erb:8:in `_app_views_layouts_application_html_erb___1043200063941647556_70115928952120'
Started GET "/" for 127.0.0.1 at 2018-04-15 00:29:22 -0700
Processing by PagesController#home as HTML
  Rendering pages/home.html.erb within layouts/application
  Rendered pages/home.html.erb within layouts/application (0.5ms)
Completed 500 Internal Server Error in 42ms


  
ActionView::Template::Error (couldn't find file 'bootstrap-multiselect' with type 'application/javascript'
Checked in these paths: 
  /Users/vincentxia/Sites/ads/dumbAds/app/assets/config
  /Users/vincentxia/Sites/ads/dumbAds/app/assets/images
  /Users/vincentxia/Sites/ads/dumbAds/app/assets/javascripts
  /Users/vincentxia/Sites/ads/dumbAds/app/assets/stylesheets
  /Users/vincentxia/.rbenv/versions/2.5.0/lib/ruby/gems/2.5.0/gems/coffee-rails-4.2.2/lib/assets/javascripts
  /Users/vincentxia/.rbenv/versions/2.5.0/lib/ruby/gems/2.5.0/gems/actioncable-5.1.6/lib/assets/compiled
  /Users/vincentxia/.rbenv/versions/2.5.0/lib/ruby/gems/2.5.0/gems/actionview-5.1.6/lib/assets/compiled
  /Users/vincentxia/.rbenv/versions/2.5.0/lib/ruby/gems/2.5.0/gems/turbolinks-source-5.1.0/lib/assets/javascripts
  /Users/vincentxia/Sites/ads/dumbAds/node_modules):
     5:     <%= csrf_meta_tags %>
     6: 
     7:     <%= stylesheet_link_tag    'application', media: 'all', 'data-turbolinks-track': 'reload' %>
     8:     <%= javascript_include_tag 'application', 'data-turbolinks-track': 'reload' %>
     9:   </head>
    10: 
    11:   <body>
  
app/assets/javascripts/application.js:14
app/views/layouts/application.html.erb:8:in `_app_views_layouts_application_html_erb___1043200063941647556_70115929352240'
Started GET "/" for 127.0.0.1 at 2018-04-15 00:29:28 -0700
Processing by PagesController#home as HTML
  Rendering pages/home.html.erb within layouts/application
  Rendered pages/home.html.erb within layouts/application (0.4ms)
Completed 500 Internal Server Error in 25ms


  
ActionView::Template::Error (couldn't find file 'jquery.ui.widget' with type 'application/javascript'
Checked in these paths: 
  /Users/vincentxia/Sites/ads/dumbAds/app/assets/config
  /Users/vincentxia/Sites/ads/dumbAds/app/assets/images
  /Users/vincentxia/Sites/ads/dumbAds/app/assets/javascripts
  /Users/vincentxia/Sites/ads/dumbAds/app/assets/stylesheets
  /Users/vincentxia/.rbenv/versions/2.5.0/lib/ruby/gems/2.5.0/gems/coffee-rails-4.2.2/lib/assets/javascripts
  /Users/vincentxia/.rbenv/versions/2.5.0/lib/ruby/gems/2.5.0/gems/actioncable-5.1.6/lib/assets/compiled
  /Users/vincentxia/.rbenv/versions/2.5.0/lib/ruby/gems/2.5.0/gems/actionview-5.1.6/lib/assets/compiled
  /Users/vincentxia/.rbenv/versions/2.5.0/lib/ruby/gems/2.5.0/gems/turbolinks-source-5.1.0/lib/assets/javascripts
  /Users/vincentxia/Sites/ads/dumbAds/node_modules):
     5:     <%= csrf_meta_tags %>
     6: 
     7:     <%= stylesheet_link_tag    'application', media: 'all', 'data-turbolinks-track': 'reload' %>
     8:     <%= javascript_include_tag 'application', 'data-turbolinks-track': 'reload' %>
     9:   </head>
    10: 
    11:   <body>
  
app/assets/javascripts/application.js:14
app/views/layouts/application.html.erb:8:in `_app_views_layouts_application_html_erb___1043200063941647556_70115932969420'
Started GET "/" for 127.0.0.1 at 2018-04-15 00:29:33 -0700
Processing by PagesController#home as HTML
  Rendering pages/home.html.erb within layouts/application
  Rendered pages/home.html.erb within layouts/application (0.5ms)
Completed 500 Internal Server Error in 25ms


  
ActionView::Template::Error (couldn't find file 'jquery.fileupload' with type 'application/javascript'
Checked in these paths: 
  /Users/vincentxia/Sites/ads/dumbAds/app/assets/config
  /Users/vincentxia/Sites/ads/dumbAds/app/assets/images
  /Users/vincentxia/Sites/ads/dumbAds/app/assets/javascripts
  /Users/vincentxia/Sites/ads/dumbAds/app/assets/stylesheets
  /Users/vincentxia/.rbenv/versions/2.5.0/lib/ruby/gems/2.5.0/gems/coffee-rails-4.2.2/lib/assets/javascripts
  /Users/vincentxia/.rbenv/versions/2.5.0/lib/ruby/gems/2.5.0/gems/actioncable-5.1.6/lib/assets/compiled
  /Users/vincentxia/.rbenv/versions/2.5.0/lib/ruby/gems/2.5.0/gems/actionview-5.1.6/lib/assets/compiled
  /Users/vincentxia/.rbenv/versions/2.5.0/lib/ruby/gems/2.5.0/gems/turbolinks-source-5.1.0/lib/assets/javascripts
  /Users/vincentxia/Sites/ads/dumbAds/node_modules):
     5:     <%= csrf_meta_tags %>
     6: 
     7:     <%= stylesheet_link_tag    'application', media: 'all', 'data-turbolinks-track': 'reload' %>
     8:     <%= javascript_include_tag 'application', 'data-turbolinks-track': 'reload' %>
     9:   </head>
    10: 
    11:   <body>
  
app/assets/javascripts/application.js:14
app/views/layouts/application.html.erb:8:in `_app_views_layouts_application_html_erb___1043200063941647556_70115929815840'
Started GET "/" for 127.0.0.1 at 2018-04-15 00:29:42 -0700
Processing by PagesController#home as HTML
  Rendering pages/home.html.erb within layouts/application
  Rendered pages/home.html.erb within layouts/application (0.5ms)
Completed 500 Internal Server Error in 28ms


  
ActionView::Template::Error (couldn't find file 'select2-full' with type 'application/javascript'
Checked in these paths: 
  /Users/vincentxia/Sites/ads/dumbAds/app/assets/config
  /Users/vincentxia/Sites/ads/dumbAds/app/assets/images
  /Users/vincentxia/Sites/ads/dumbAds/app/assets/javascripts
  /Users/vincentxia/Sites/ads/dumbAds/app/assets/stylesheets
  /Users/vincentxia/.rbenv/versions/2.5.0/lib/ruby/gems/2.5.0/gems/coffee-rails-4.2.2/lib/assets/javascripts
  /Users/vincentxia/.rbenv/versions/2.5.0/lib/ruby/gems/2.5.0/gems/actioncable-5.1.6/lib/assets/compiled
  /Users/vincentxia/.rbenv/versions/2.5.0/lib/ruby/gems/2.5.0/gems/actionview-5.1.6/lib/assets/compiled
  /Users/vincentxia/.rbenv/versions/2.5.0/lib/ruby/gems/2.5.0/gems/turbolinks-source-5.1.0/lib/assets/javascripts
  /Users/vincentxia/Sites/ads/dumbAds/node_modules):
     5:     <%= csrf_meta_tags %>
     6: 
     7:     <%= stylesheet_link_tag    'application', media: 'all', 'data-turbolinks-track': 'reload' %>
     8:     <%= javascript_include_tag 'application', 'data-turbolinks-track': 'reload' %>
     9:   </head>
    10: 
    11:   <body>
  
app/assets/javascripts/application.js:14
app/views/layouts/application.html.erb:8:in `_app_views_layouts_application_html_erb___1043200063941647556_70115930108980'
Started GET "/" for 127.0.0.1 at 2018-04-15 00:29:48 -0700
Processing by PagesController#home as HTML
  Rendering pages/home.html.erb within layouts/application
  Rendered pages/home.html.erb within layouts/application (0.6ms)
Completed 500 Internal Server Error in 26ms


  
ActionView::Template::Error (couldn't find file 'jquery.raty' with type 'application/javascript'
Checked in these paths: 
  /Users/vincentxia/Sites/ads/dumbAds/app/assets/config
  /Users/vincentxia/Sites/ads/dumbAds/app/assets/images
  /Users/vincentxia/Sites/ads/dumbAds/app/assets/javascripts
  /Users/vincentxia/Sites/ads/dumbAds/app/assets/stylesheets
  /Users/vincentxia/.rbenv/versions/2.5.0/lib/ruby/gems/2.5.0/gems/coffee-rails-4.2.2/lib/assets/javascripts
  /Users/vincentxia/.rbenv/versions/2.5.0/lib/ruby/gems/2.5.0/gems/actioncable-5.1.6/lib/assets/compiled
  /Users/vincentxia/.rbenv/versions/2.5.0/lib/ruby/gems/2.5.0/gems/actionview-5.1.6/lib/assets/compiled
  /Users/vincentxia/.rbenv/versions/2.5.0/lib/ruby/gems/2.5.0/gems/turbolinks-source-5.1.0/lib/assets/javascripts
  /Users/vincentxia/Sites/ads/dumbAds/node_modules):
     5:     <%= csrf_meta_tags %>
     6: 
     7:     <%= stylesheet_link_tag    'application', media: 'all', 'data-turbolinks-track': 'reload' %>
     8:     <%= javascript_include_tag 'application', 'data-turbolinks-track': 'reload' %>
     9:   </head>
    10: 
    11:   <body>
  
app/assets/javascripts/application.js:14
app/views/layouts/application.html.erb:8:in `_app_views_layouts_application_html_erb___1043200063941647556_70115933477240'
Started GET "/" for 127.0.0.1 at 2018-04-15 00:29:54 -0700
Processing by PagesController#home as HTML
  Rendering pages/home.html.erb within layouts/application
  Rendered pages/home.html.erb within layouts/application (0.6ms)
Completed 200 OK in 94ms (Views: 90.1ms)


Started GET "/" for 127.0.0.1 at 2018-04-15 00:31:42 -0700
Processing by PagesController#home as HTML
  Rendering pages/home.html.erb within layouts/application
  Rendered pages/home.html.erb within layouts/application (0.5ms)
Completed 500 Internal Server Error in 97ms


  
ActionView::Template::Error (File to import not found or unreadable: bootstrap.
Load paths:
  /Users/vincentxia/Sites/ads/dumbAds/app/assets/config
  /Users/vincentxia/Sites/ads/dumbAds/app/assets/images
  /Users/vincentxia/Sites/ads/dumbAds/app/assets/javascripts
  /Users/vincentxia/Sites/ads/dumbAds/app/assets/stylesheets
  /Users/vincentxia/.rbenv/versions/2.5.0/lib/ruby/gems/2.5.0/gems/coffee-rails-4.2.2/lib/assets/javascripts
  /Users/vincentxia/.rbenv/versions/2.5.0/lib/ruby/gems/2.5.0/gems/actioncable-5.1.6/lib/assets/compiled
  /Users/vincentxia/.rbenv/versions/2.5.0/lib/ruby/gems/2.5.0/gems/actionview-5.1.6/lib/assets/compiled
  /Users/vincentxia/.rbenv/versions/2.5.0/lib/ruby/gems/2.5.0/gems/turbolinks-source-5.1.0/lib/assets/javascripts
  /Users/vincentxia/Sites/ads/dumbAds/node_modules):
    4:     <title>Ads</title>
    5:     <%= csrf_meta_tags %>
    6: 
    7:     <%= stylesheet_link_tag    'application', media: 'all', 'data-turbolinks-track': 'reload' %>
    8:     <%= javascript_include_tag 'application', 'data-turbolinks-track': 'reload' %>
    9:   </head>
   10: 
  
app/assets/stylesheets/application.scss:1
app/views/layouts/application.html.erb:7:in `_app_views_layouts_application_html_erb___1043200063941647556_70115933144640'
Started GET "/" for 127.0.0.1 at 2018-04-15 00:36:16 -0700
Processing by PagesController#home as HTML
  Rendering pages/home.html.erb within layouts/application
  Rendered pages/home.html.erb within layouts/application (2.0ms)
Started GET "/" for 127.0.0.1 at 2018-04-15 00:36:19 -0700
Processing by PagesController#home as HTML
  Rendering pages/home.html.erb within layouts/application
  Rendered pages/home.html.erb within layouts/application (0.6ms)
Completed 200 OK in 7249ms (Views: 7244.3ms)


Completed 200 OK in 10191ms (Views: 9580.9ms)


Started GET "/" for 127.0.0.1 at 2018-04-15 00:37:01 -0700
Processing by PagesController#home as HTML
  Rendering pages/home.html.erb within layouts/application
  Rendered pages/home.html.erb within layouts/application (2.1ms)
Completed 200 OK in 234ms (Views: 224.4ms)


Started GET "/" for 127.0.0.1 at 2018-04-15 00:38:16 -0700
Processing by PagesController#home as HTML
  Rendering pages/home.html.erb within layouts/application
  Rendered pages/home.html.erb within layouts/application (28.2ms)
Completed 200 OK in 67ms (Views: 62.6ms)


Started GET "/" for 127.0.0.1 at 2018-04-15 00:39:32 -0700
Processing by PagesController#home as HTML
  Rendering pages/home.html.erb within layouts/application
  Rendered pages/home.html.erb within layouts/application (18.7ms)
Completed 200 OK in 444ms (Views: 439.8ms)


Started GET "/" for 127.0.0.1 at 2018-04-15 00:39:47 -0700
Processing by PagesController#home as HTML
  Rendering pages/home.html.erb within layouts/application
  Rendered pages/home.html.erb within layouts/application (22.5ms)
Completed 200 OK in 241ms (Views: 236.8ms)


Started GET "/" for 127.0.0.1 at 2018-04-15 00:40:56 -0700
Processing by PagesController#home as HTML
  Rendering pages/home.html.erb within layouts/application
  Rendered pages/home.html.erb within layouts/application (15.5ms)
Completed 200 OK in 178ms (Views: 173.0ms)


Started GET "/" for 127.0.0.1 at 2018-04-15 00:41:02 -0700
Processing by PagesController#home as HTML
  Rendering pages/home.html.erb within layouts/application
  Rendered pages/home.html.erb within layouts/application (15.3ms)
Completed 200 OK in 133ms (Views: 128.0ms)


Started GET "/" for 127.0.0.1 at 2018-04-15 00:42:13 -0700
Processing by PagesController#home as HTML
  Rendering pages/home.html.erb within layouts/application
  Rendered pages/home.html.erb within layouts/application (15.5ms)
Completed 200 OK in 310ms (Views: 306.7ms)


Started GET "/" for 127.0.0.1 at 2018-04-15 00:43:12 -0700
Processing by PagesController#home as HTML
  Rendering pages/home.html.erb within layouts/application
  Rendered pages/home.html.erb within layouts/application (15.2ms)
Completed 200 OK in 3086ms (Views: 3069.1ms)


Started GET "/" for 127.0.0.1 at 2018-04-15 00:45:24 -0700
Processing by PagesController#home as HTML
  Rendering pages/home.html.erb within layouts/application
  Rendered pages/home.html.erb within layouts/application (402.6ms)
Completed 200 OK in 533ms (Views: 526.5ms)


Started GET "/" for 127.0.0.1 at 2018-04-15 00:45:44 -0700
Processing by PagesController#home as HTML
  Rendering pages/home.html.erb within layouts/application
  Rendered pages/home.html.erb within layouts/application (14.2ms)
Completed 200 OK in 3037ms (Views: 3033.6ms)


Started GET "/" for 127.0.0.1 at 2018-04-15 00:45:53 -0700
Processing by PagesController#home as HTML
  Rendering pages/home.html.erb within layouts/application
  Rendered pages/home.html.erb within layouts/application (13.3ms)
Completed 200 OK in 2399ms (Views: 2391.4ms)


Started GET "/" for 127.0.0.1 at 2018-04-15 00:46:05 -0700
Processing by PagesController#home as HTML
  Rendering pages/home.html.erb within layouts/application
  Rendered pages/home.html.erb within layouts/application (25.0ms)
Completed 200 OK in 2353ms (Views: 2347.6ms)


Started GET "/" for 127.0.0.1 at 2018-04-15 00:46:18 -0700
Processing by PagesController#home as HTML
  Rendering pages/home.html.erb within layouts/application
  Rendered pages/home.html.erb within layouts/application (13.5ms)
Completed 200 OK in 2827ms (Views: 2824.7ms)


Started GET "/" for 127.0.0.1 at 2018-04-15 00:46:51 -0700
Processing by PagesController#home as HTML
  Rendering pages/home.html.erb within layouts/application
  Rendered pages/home.html.erb within layouts/application (1.4ms)
Completed 500 Internal Server Error in 25ms


  
SyntaxError (/Users/vincentxia/Sites/ads/dumbAds/app/views/pages/home.html.erb:5: syntax error, unexpected keyword_class, expecting ')'
..._tag "massage_banner.jpg" class: "header-img");@output_buffe...
...                          ^~~~~):
  
app/views/pages/home.html.erb:5: syntax error, unexpected keyword_class, expecting ')'
Started GET "/" for 127.0.0.1 at 2018-04-15 00:47:00 -0700
Processing by PagesController#home as HTML
  Rendering pages/home.html.erb within layouts/application
  Rendered pages/home.html.erb within layouts/application (23.6ms)
Completed 200 OK in 2586ms (Views: 2579.1ms)


Started GET "/" for 127.0.0.1 at 2018-04-15 00:47:10 -0700
Processing by PagesController#home as HTML
  Rendering pages/home.html.erb within layouts/application
  Rendered pages/home.html.erb within layouts/application (6.0ms)
Completed 200 OK in 2491ms (Views: 2473.7ms)


Started GET "/" for 127.0.0.1 at 2018-04-15 00:47:38 -0700
Processing by PagesController#home as HTML
  Rendering pages/home.html.erb within layouts/application
  Rendered pages/home.html.erb within layouts/application (24.7ms)
Completed 200 OK in 259ms (Views: 249.6ms)


Started GET "/" for 127.0.0.1 at 2018-04-15 00:48:00 -0700
Processing by PagesController#home as HTML
  Rendering pages/home.html.erb within layouts/application
  Rendered pages/home.html.erb within layouts/application (13.5ms)
Completed 200 OK in 117ms (Views: 113.7ms)


Started GET "/" for 127.0.0.1 at 2018-04-15 00:48:29 -0700
Processing by PagesController#home as HTML
  Rendering pages/home.html.erb within layouts/application
  Rendered pages/home.html.erb within layouts/application (13.8ms)
Completed 200 OK in 2876ms (Views: 2856.9ms)


Started GET "/" for 127.0.0.1 at 2018-04-15 00:48:48 -0700
Processing by PagesController#home as HTML
  Rendering pages/home.html.erb within layouts/application
  Rendered pages/home.html.erb within layouts/application (13.4ms)
Completed 200 OK in 2596ms (Views: 2592.6ms)


Started GET "/" for 127.0.0.1 at 2018-04-15 00:49:02 -0700
Processing by PagesController#home as HTML
  Rendering pages/home.html.erb within layouts/application
  Rendered pages/home.html.erb within layouts/application (1.8ms)
Completed 200 OK in 2620ms (Views: 2616.3ms)


Started GET "/" for 127.0.0.1 at 2018-04-15 00:49:11 -0700
Processing by PagesController#home as HTML
  Rendering pages/home.html.erb within layouts/application
  Rendered pages/home.html.erb within layouts/application (2.1ms)
Completed 200 OK in 2340ms (Views: 2335.2ms)


Started GET "/" for 127.0.0.1 at 2018-04-15 00:49:21 -0700
Processing by PagesController#home as HTML
  Rendering pages/home.html.erb within layouts/application
  Rendered pages/home.html.erb within layouts/application (1.7ms)
Completed 200 OK in 2373ms (Views: 2369.9ms)


Started GET "/" for 127.0.0.1 at 2018-04-15 00:50:28 -0700
Processing by PagesController#home as HTML
  Rendering pages/home.html.erb within layouts/application
  Rendered pages/home.html.erb within layouts/application (27.2ms)
Completed 200 OK in 3281ms (Views: 3270.8ms)


Started GET "/" for 127.0.0.1 at 2018-04-15 00:51:10 -0700
Processing by PagesController#home as HTML
  Rendering pages/home.html.erb within layouts/application
  Rendered pages/home.html.erb within layouts/application (13.7ms)
Completed 200 OK in 2651ms (Views: 2648.0ms)


Started GET "/" for 127.0.0.1 at 2018-04-15 00:51:51 -0700
Processing by PagesController#home as HTML
  Rendering pages/home.html.erb within layouts/application
  Rendered pages/home.html.erb within layouts/application (35.9ms)
Completed 200 OK in 2726ms (Views: 2722.7ms)


Started GET "/" for 127.0.0.1 at 2018-04-15 00:53:44 -0700
Processing by PagesController#home as HTML
  Rendering pages/home.html.erb within layouts/application
  Rendered pages/home.html.erb within layouts/application (14.4ms)
Completed 200 OK in 206ms (Views: 201.8ms)


Started GET "/" for 127.0.0.1 at 2018-04-15 00:54:08 -0700
Processing by PagesController#home as HTML
  Rendering pages/home.html.erb within layouts/application
  Rendered pages/home.html.erb within layouts/application (14.1ms)
Completed 200 OK in 3318ms (Views: 3313.0ms)


Started GET "/" for 127.0.0.1 at 2018-04-15 00:54:19 -0700
Processing by PagesController#home as HTML
  Rendering pages/home.html.erb within layouts/application
  Rendered pages/home.html.erb within layouts/application (24.5ms)
Completed 200 OK in 218ms (Views: 214.3ms)


Started GET "/" for 127.0.0.1 at 2018-04-15 00:54:26 -0700
Processing by PagesController#home as HTML
  Rendering pages/home.html.erb within layouts/application
  Rendered pages/home.html.erb within layouts/application (2.2ms)
Completed 200 OK in 2667ms (Views: 2664.3ms)


Started GET "/" for 127.0.0.1 at 2018-04-15 00:54:35 -0700
Processing by PagesController#home as HTML
  Rendering pages/home.html.erb within layouts/application
  Rendered pages/home.html.erb within layouts/application (1.8ms)
Completed 200 OK in 2359ms (Views: 2353.7ms)


Started GET "/" for 127.0.0.1 at 2018-04-15 00:54:44 -0700
Processing by PagesController#home as HTML
  Rendering pages/home.html.erb within layouts/application
  Rendered pages/home.html.erb within layouts/application (2.6ms)
Completed 200 OK in 2341ms (Views: 2336.6ms)


Started GET "/" for 127.0.0.1 at 2018-04-15 00:54:58 -0700
Processing by PagesController#home as HTML
  Rendering pages/home.html.erb within layouts/application
  Rendered pages/home.html.erb within layouts/application (1.8ms)
Completed 200 OK in 2419ms (Views: 2416.5ms)


Started GET "/" for 127.0.0.1 at 2018-04-15 00:55:20 -0700
Processing by PagesController#home as HTML
  Rendering pages/home.html.erb within layouts/application
  Rendered pages/home.html.erb within layouts/application (2.7ms)
Completed 200 OK in 2377ms (Views: 2372.8ms)


Started GET "/" for 127.0.0.1 at 2018-04-15 00:55:55 -0700
Processing by PagesController#home as HTML
  Rendering pages/home.html.erb within layouts/application
  Rendered pages/home.html.erb within layouts/application (13.4ms)
Completed 200 OK in 2619ms (Views: 2615.7ms)


Started GET "/" for 127.0.0.1 at 2018-04-15 00:56:17 -0700
Processing by PagesController#home as HTML
  Rendering pages/home.html.erb within layouts/application
  Rendered pages/home.html.erb within layouts/application (13.7ms)
Completed 200 OK in 2764ms (Views: 2761.7ms)


Started GET "/" for 127.0.0.1 at 2018-04-15 00:56:27 -0700
Processing by PagesController#home as HTML
  Rendering pages/home.html.erb within layouts/application
  Rendered pages/home.html.erb within layouts/application (13.8ms)
Completed 200 OK in 2450ms (Views: 2447.6ms)


Started GET "/" for 127.0.0.1 at 2018-04-15 00:59:32 -0700
Processing by PagesController#home as HTML
  Rendering pages/home.html.erb within layouts/application
  Rendered pages/home.html.erb within layouts/application (13.5ms)
Completed 200 OK in 349ms (Views: 346.1ms)


Started GET "/" for 127.0.0.1 at 2018-04-15 00:59:41 -0700
Processing by PagesController#home as HTML
  Rendering pages/home.html.erb within layouts/application
  Rendered pages/home.html.erb within layouts/application (14.2ms)
Completed 200 OK in 201ms (Views: 197.0ms)


Started GET "/" for 127.0.0.1 at 2018-04-15 01:02:40 -0700
Processing by PagesController#home as HTML
  Rendering pages/home.html.erb within layouts/application
  Rendered pages/home.html.erb within layouts/application (30.9ms)
Completed 200 OK in 266ms (Views: 233.3ms)


Started GET "/" for 127.0.0.1 at 2018-04-15 01:02:52 -0700
Processing by PagesController#home as HTML
  Rendering pages/home.html.erb within layouts/application
  Rendered pages/home.html.erb within layouts/application (3.6ms)
Completed 200 OK in 106ms (Views: 100.4ms)


Started GET "/" for 127.0.0.1 at 2018-04-15 01:03:52 -0700
Processing by PagesController#home as HTML
  Rendering pages/home.html.erb within layouts/application
  Rendered pages/home.html.erb within layouts/application (25.5ms)
Completed 200 OK in 428ms (Views: 423.8ms)


Started GET "/" for 127.0.0.1 at 2018-04-15 01:04:13 -0700
Processing by PagesController#home as HTML
  Rendering pages/home.html.erb within layouts/application
  Rendered pages/home.html.erb within layouts/application (13.8ms)
Completed 200 OK in 307ms (Views: 265.3ms)


Started GET "/" for 127.0.0.1 at 2018-04-15 01:04:23 -0700
Processing by PagesController#home as HTML
  Rendering pages/home.html.erb within layouts/application
  Rendered pages/home.html.erb within layouts/application (36.0ms)
Completed 200 OK in 141ms (Views: 137.5ms)


Started GET "/" for 127.0.0.1 at 2018-04-15 01:04:44 -0700
Processing by PagesController#home as HTML
  Rendering pages/home.html.erb within layouts/application
  Rendered pages/home.html.erb within layouts/application (14.0ms)
Completed 200 OK in 141ms (Views: 136.8ms)


Started GET "/" for 127.0.0.1 at 2018-04-15 01:04:56 -0700
Processing by PagesController#home as HTML
  Rendering pages/home.html.erb within layouts/application
  Rendered pages/home.html.erb within layouts/application (14.1ms)
Completed 200 OK in 128ms (Views: 125.0ms)


Started GET "/" for 127.0.0.1 at 2018-04-15 01:05:50 -0700
Processing by PagesController#home as HTML
  Rendering pages/home.html.erb within layouts/application
  Rendered pages/home.html.erb within layouts/application (13.2ms)
Completed 200 OK in 3295ms (Views: 3283.6ms)


Started GET "/" for 127.0.0.1 at 2018-04-15 01:06:14 -0700
Processing by PagesController#home as HTML
  Rendering pages/home.html.erb within layouts/application
  Rendered pages/home.html.erb within layouts/application (13.5ms)
Completed 200 OK in 2705ms (Views: 2702.1ms)


Started GET "/" for 127.0.0.1 at 2018-04-15 01:06:55 -0700
Processing by PagesController#home as HTML
  Rendering pages/home.html.erb within layouts/application
  Rendered pages/home.html.erb within layouts/application (13.6ms)
Completed 200 OK in 2915ms (Views: 2911.9ms)


Started GET "/" for 127.0.0.1 at 2018-04-15 01:07:06 -0700
Processing by PagesController#home as HTML
  Rendering pages/home.html.erb within layouts/application
  Rendered pages/home.html.erb within layouts/application (13.2ms)
Completed 200 OK in 93ms (Views: 90.1ms)


Started GET "/" for 127.0.0.1 at 2018-04-15 01:07:37 -0700
Processing by PagesController#home as HTML
  Rendering pages/home.html.erb within layouts/application
  Rendered pages/home.html.erb within layouts/application (13.4ms)
Completed 200 OK in 102ms (Views: 98.4ms)


Started GET "/" for 127.0.0.1 at 2018-04-15 01:08:02 -0700
Processing by PagesController#home as HTML
  Rendering pages/home.html.erb within layouts/application
  Rendered pages/home.html.erb within layouts/application (13.7ms)
Completed 500 Internal Server Error in 3323ms


  
ActionView::Template::Error (Invalid CSS after "      padding:": expected expression (e.g. 1px, bold), was "}"):
    4:     <title>Ads</title>
    5:     <%= csrf_meta_tags %>
    6: 
    7:     <%= stylesheet_link_tag    'application', media: 'all', 'data-turbolinks-track': 'reload' %>
    8:     <%= javascript_include_tag 'application', 'data-turbolinks-track': 'reload' %>
    9:   </head>
   10: 
  
app/assets/stylesheets/pages.scss:31
app/views/layouts/application.html.erb:7:in `_app_views_layouts_application_html_erb__1207923837682902748_70235351078700'
Started GET "/" for 127.0.0.1 at 2018-04-15 01:08:08 -0700
Processing by PagesController#home as HTML
  Rendering pages/home.html.erb within layouts/application
  Rendered pages/home.html.erb within layouts/application (13.8ms)
Completed 200 OK in 2716ms (Views: 2713.0ms)


Started GET "/" for 127.0.0.1 at 2018-04-15 01:08:17 -0700
Processing by PagesController#home as HTML
  Rendering pages/home.html.erb within layouts/application
  Rendered pages/home.html.erb within layouts/application (27.1ms)
Completed 200 OK in 2621ms (Views: 2618.0ms)


Started GET "/" for 127.0.0.1 at 2018-04-15 01:08:34 -0700
Processing by PagesController#home as HTML
  Rendering pages/home.html.erb within layouts/application
  Rendered pages/home.html.erb within layouts/application (13.6ms)
Completed 200 OK in 2654ms (Views: 2651.3ms)


Started GET "/" for 127.0.0.1 at 2018-04-15 01:09:22 -0700
Processing by PagesController#home as HTML
  Rendering pages/home.html.erb within layouts/application
  Rendered pages/home.html.erb within layouts/application (13.5ms)
Completed 200 OK in 2758ms (Views: 2746.5ms)


Started GET "/" for 127.0.0.1 at 2018-04-15 01:09:38 -0700
Processing by PagesController#home as HTML
  Rendering pages/home.html.erb within layouts/application
  Rendered pages/home.html.erb within layouts/application (1.7ms)
Completed 200 OK in 2371ms (Views: 2367.4ms)


Started GET "/" for 127.0.0.1 at 2018-04-15 01:09:53 -0700
Processing by PagesController#home as HTML
  Rendering pages/home.html.erb within layouts/application
  Rendered pages/home.html.erb within layouts/application (1.6ms)
Completed 200 OK in 2393ms (Views: 2390.1ms)


Started GET "/" for 127.0.0.1 at 2018-04-15 01:10:08 -0700
Processing by PagesController#home as HTML
  Rendering pages/home.html.erb within layouts/application
  Rendered pages/home.html.erb within layouts/application (2.6ms)
Completed 200 OK in 2399ms (Views: 2394.6ms)


Started GET "/" for 127.0.0.1 at 2018-04-15 01:10:17 -0700
Processing by PagesController#home as HTML
  Rendering pages/home.html.erb within layouts/application
  Rendered pages/home.html.erb within layouts/application (2.6ms)
Completed 200 OK in 2393ms (Views: 2389.9ms)


Started GET "/" for 127.0.0.1 at 2018-04-15 01:10:25 -0700
Processing by PagesController#home as HTML
  Rendering pages/home.html.erb within layouts/application
  Rendered pages/home.html.erb within layouts/application (2.2ms)
Completed 200 OK in 2370ms (Views: 2365.9ms)


Started GET "/" for 127.0.0.1 at 2018-04-15 01:10:32 -0700
Processing by PagesController#home as HTML
  Rendering pages/home.html.erb within layouts/application
  Rendered pages/home.html.erb within layouts/application (2.1ms)
Completed 200 OK in 2339ms (Views: 2335.3ms)


Started GET "/" for 127.0.0.1 at 2018-04-15 01:10:48 -0700
Processing by PagesController#home as HTML
  Rendering pages/home.html.erb within layouts/application
  Rendered pages/home.html.erb within layouts/application (1.8ms)
Completed 200 OK in 2483ms (Views: 2478.8ms)


Started GET "/" for 127.0.0.1 at 2018-04-15 01:11:09 -0700
Processing by PagesController#home as HTML
  Rendering pages/home.html.erb within layouts/application
  Rendered pages/home.html.erb within layouts/application (1.8ms)
Completed 200 OK in 2511ms (Views: 2507.7ms)


Started GET "/" for 127.0.0.1 at 2018-04-15 01:12:02 -0700
Processing by PagesController#home as HTML
  Rendering pages/home.html.erb within layouts/application
  Rendered pages/home.html.erb within layouts/application (16.3ms)
Completed 200 OK in 3275ms (Views: 3265.4ms)


Started GET "/" for 127.0.0.1 at 2018-04-15 01:13:05 -0700
Processing by PagesController#home as HTML
  Rendering pages/home.html.erb within layouts/application
  Rendered pages/home.html.erb within layouts/application (13.5ms)
Completed 200 OK in 3039ms (Views: 3036.0ms)


Started GET "/" for 127.0.0.1 at 2018-04-15 01:14:04 -0700
Processing by PagesController#home as HTML
  Rendering pages/home.html.erb within layouts/application
  Rendered pages/home.html.erb within layouts/application (28.5ms)
Completed 200 OK in 3352ms (Views: 3339.2ms)


Started GET "/" for 127.0.0.1 at 2018-04-15 01:14:16 -0700
Processing by PagesController#home as HTML
  Rendering pages/home.html.erb within layouts/application
  Rendered pages/home.html.erb within layouts/application (13.7ms)
Completed 200 OK in 64ms (Views: 60.8ms)


Started GET "/" for 127.0.0.1 at 2018-04-15 01:15:36 -0700
Processing by PagesController#home as HTML
  Rendering pages/home.html.erb within layouts/application
  Rendered pages/home.html.erb within layouts/application (13.9ms)
Completed 200 OK in 162ms (Views: 157.9ms)


Started GET "/" for 127.0.0.1 at 2018-04-15 01:15:45 -0700
Processing by PagesController#home as HTML
  Rendering pages/home.html.erb within layouts/application
  Rendered pages/home.html.erb within layouts/application (2.3ms)
Completed 200 OK in 3039ms (Views: 3036.0ms)


Started GET "/" for 127.0.0.1 at 2018-04-15 01:15:53 -0700
Processing by PagesController#home as HTML
  Rendering pages/home.html.erb within layouts/application
  Rendered pages/home.html.erb within layouts/application (1.8ms)
Completed 200 OK in 2924ms (Views: 2920.5ms)


Started GET "/" for 127.0.0.1 at 2018-04-15 01:16:13 -0700
Processing by PagesController#home as HTML
  Rendering pages/home.html.erb within layouts/application
  Rendered pages/home.html.erb within layouts/application (13.5ms)
Completed 200 OK in 2716ms (Views: 2713.1ms)


Started GET "/" for 127.0.0.1 at 2018-04-15 01:18:09 -0700
Processing by PagesController#home as HTML
  Rendering pages/home.html.erb within layouts/application
  Rendered pages/home.html.erb within layouts/application (29.0ms)
Completed 200 OK in 220ms (Views: 211.1ms)


Started GET "/" for 127.0.0.1 at 2018-04-15 01:21:05 -0700
Processing by PagesController#home as HTML
  Rendering pages/home.html.erb within layouts/application
  Rendered pages/home.html.erb within layouts/application (13.7ms)
Completed 200 OK in 195ms (Views: 189.9ms)


Started GET "/" for 127.0.0.1 at 2018-04-15 01:25:01 -0700
Processing by PagesController#home as HTML
  Rendering pages/home.html.erb within layouts/application
  Rendered pages/home.html.erb within layouts/application (2.1ms)
Completed 200 OK in 46ms (Views: 42.9ms)


Started GET "/" for 127.0.0.1 at 2018-04-15 01:26:14 -0700
Processing by PagesController#home as HTML
  Rendering pages/home.html.erb within layouts/application
  Rendered pages/home.html.erb within layouts/application (12.2ms)
Completed 200 OK in 185ms (Views: 181.7ms)


Started GET "/" for 127.0.0.1 at 2018-04-15 01:26:50 -0700
Processing by PagesController#home as HTML
  Rendering pages/home.html.erb within layouts/application
  Rendered pages/home.html.erb within layouts/application (14.4ms)
Completed 200 OK in 307ms (Views: 302.5ms)


Started GET "/" for 127.0.0.1 at 2018-04-15 01:28:24 -0700
Processing by PagesController#home as HTML
  Rendering pages/home.html.erb within layouts/application
  Rendered pages/home.html.erb within layouts/application (13.6ms)
Completed 200 OK in 137ms (Views: 134.3ms)


Started GET "/" for 127.0.0.1 at 2018-04-15 01:28:52 -0700
Processing by PagesController#home as HTML
  Rendering pages/home.html.erb within layouts/application
  Rendered pages/home.html.erb within layouts/application (2.2ms)
Completed 200 OK in 41ms (Views: 38.7ms)


Started GET "/" for 127.0.0.1 at 2018-04-15 01:28:54 -0700
Processing by PagesController#home as HTML
  Rendering pages/home.html.erb within layouts/application
  Rendered pages/home.html.erb within layouts/application (2.0ms)
Completed 200 OK in 47ms (Views: 42.8ms)


Started GET "/" for 127.0.0.1 at 2018-04-15 01:29:00 -0700
Processing by PagesController#home as HTML
  Rendering pages/home.html.erb within layouts/application
  Rendered pages/home.html.erb within layouts/application (1.8ms)
Completed 200 OK in 39ms (Views: 35.6ms)


Started GET "/" for 127.0.0.1 at 2018-04-15 01:30:25 -0700
Processing by PagesController#home as HTML
  Rendering pages/home.html.erb within layouts/application
  Rendered pages/home.html.erb within layouts/application (24.9ms)
Completed 200 OK in 214ms (Views: 210.9ms)


Started GET "/" for 127.0.0.1 at 2018-04-15 01:30:39 -0700
Processing by PagesController#home as HTML
  Rendering pages/home.html.erb within layouts/application
  Rendered pages/home.html.erb within layouts/application (2.0ms)
Completed 200 OK in 41ms (Views: 36.9ms)


Started GET "/" for 127.0.0.1 at 2018-04-15 01:30:40 -0700
Processing by PagesController#home as HTML
  Rendering pages/home.html.erb within layouts/application
  Rendered pages/home.html.erb within layouts/application (2.6ms)
Completed 200 OK in 49ms (Views: 44.2ms)


Started GET "/" for 127.0.0.1 at 2018-04-15 01:31:26 -0700
Processing by PagesController#home as HTML
  Rendering pages/home.html.erb within layouts/application
  Rendered pages/home.html.erb within layouts/application (13.6ms)
Completed 200 OK in 201ms (Views: 197.5ms)


Started GET "/" for 127.0.0.1 at 2018-04-15 01:31:36 -0700
Processing by PagesController#home as HTML
  Rendering pages/home.html.erb within layouts/application
  Rendered pages/home.html.erb within layouts/application (2.6ms)
Completed 200 OK in 2984ms (Views: 2979.4ms)


Started GET "/" for 127.0.0.1 at 2018-04-15 01:32:08 -0700
Processing by PagesController#home as HTML
  Rendering pages/home.html.erb within layouts/application
  Rendered pages/home.html.erb within layouts/application (13.6ms)
Completed 200 OK in 104ms (Views: 99.4ms)


Started GET "/" for 127.0.0.1 at 2018-04-15 01:32:20 -0700
Processing by PagesController#home as HTML
  Rendering pages/home.html.erb within layouts/application
  Rendered pages/home.html.erb within layouts/application (1.6ms)
Completed 200 OK in 35ms (Views: 32.3ms)


Started GET "/" for 127.0.0.1 at 2018-04-15 01:32:50 -0700
Processing by PagesController#home as HTML
  Rendering pages/home.html.erb within layouts/application
  Rendered pages/home.html.erb within layouts/application (1.8ms)
Completed 200 OK in 2830ms (Views: 2827.2ms)


Started GET "/" for 127.0.0.1 at 2018-04-15 01:33:08 -0700
Processing by PagesController#home as HTML
  Rendering pages/home.html.erb within layouts/application
  Rendered pages/home.html.erb within layouts/application (2.6ms)
Completed 200 OK in 2765ms (Views: 2761.9ms)


Started GET "/" for 127.0.0.1 at 2018-04-15 01:35:29 -0700
Processing by PagesController#home as HTML
  Rendering pages/home.html.erb within layouts/application
  Rendered pages/home.html.erb within layouts/application (14.2ms)
Completed 200 OK in 216ms (Views: 213.1ms)


Started GET "/" for 127.0.0.1 at 2018-04-15 01:35:39 -0700
Processing by PagesController#home as HTML
  Rendering pages/home.html.erb within layouts/application
  Rendered pages/home.html.erb within layouts/application (2.8ms)
Completed 200 OK in 55ms (Views: 50.7ms)


Started GET "/" for 127.0.0.1 at 2018-04-15 01:37:38 -0700
Processing by PagesController#home as HTML
  Rendering pages/home.html.erb within layouts/application
  Rendered pages/home.html.erb within layouts/application (13.4ms)
Completed 200 OK in 2927ms (Views: 2923.8ms)


Started GET "/" for 127.0.0.1 at 2018-04-15 01:37:48 -0700
Processing by PagesController#home as HTML
  Rendering pages/home.html.erb within layouts/application
  Rendered pages/home.html.erb within layouts/application (24.6ms)
Completed 200 OK in 3011ms (Views: 3006.4ms)


Started GET "/" for 127.0.0.1 at 2018-04-15 01:38:43 -0700
Processing by PagesController#home as HTML
  Rendering pages/home.html.erb within layouts/application
  Rendered pages/home.html.erb within layouts/application (2.8ms)
Completed 200 OK in 52ms (Views: 48.8ms)


Started GET "/" for 127.0.0.1 at 2018-04-15 01:39:06 -0700
Processing by PagesController#home as HTML
  Rendering pages/home.html.erb within layouts/application
  Rendered pages/home.html.erb within layouts/application (13.1ms)
Completed 200 OK in 129ms (Views: 125.8ms)


Started GET "/" for 127.0.0.1 at 2018-04-15 01:39:51 -0700
Processing by PagesController#home as HTML
  Rendering pages/home.html.erb within layouts/application
  Rendered pages/home.html.erb within layouts/application (13.9ms)
Completed 200 OK in 3291ms (Views: 3272.5ms)


Started GET "/" for 127.0.0.1 at 2018-04-15 01:40:29 -0700
Processing by PagesController#home as HTML
  Rendering pages/home.html.erb within layouts/application
  Rendered pages/home.html.erb within layouts/application (2.6ms)
Completed 200 OK in 3204ms (Views: 3199.7ms)


Started GET "/" for 127.0.0.1 at 2018-04-15 01:41:21 -0700
Processing by PagesController#home as HTML
  Rendering pages/home.html.erb within layouts/application
  Rendered pages/home.html.erb within layouts/application (26.1ms)
Completed 200 OK in 185ms (Views: 181.7ms)


Started GET "/" for 127.0.0.1 at 2018-04-15 01:41:41 -0700
Processing by PagesController#home as HTML
  Rendering pages/home.html.erb within layouts/application
  Rendered pages/home.html.erb within layouts/application (3.5ms)
Completed 200 OK in 53ms (Views: 50.2ms)


Started GET "/" for 127.0.0.1 at 2018-04-15 01:41:53 -0700
Processing by PagesController#home as HTML
  Rendering pages/home.html.erb within layouts/application
  Rendered pages/home.html.erb within layouts/application (25.3ms)
Completed 200 OK in 236ms (Views: 232.6ms)


Started GET "/" for 127.0.0.1 at 2018-04-15 01:42:36 -0700
Processing by PagesController#home as HTML
  Rendering pages/home.html.erb within layouts/application
  Rendered pages/home.html.erb within layouts/application (26.2ms)
Completed 200 OK in 3180ms (Views: 3177.3ms)


Started GET "/" for 127.0.0.1 at 2018-04-15 01:42:59 -0700
Processing by PagesController#home as HTML
  Rendering pages/home.html.erb within layouts/application
  Rendered pages/home.html.erb within layouts/application (26.3ms)
Completed 200 OK in 119ms (Views: 115.2ms)


Started GET "/" for 127.0.0.1 at 2018-04-15 01:44:10 -0700
Processing by PagesController#home as HTML
  Rendering pages/home.html.erb within layouts/application
  Rendered pages/home.html.erb within layouts/application (26.1ms)
Completed 200 OK in 290ms (Views: 286.6ms)


Started GET "/" for 127.0.0.1 at 2018-04-15 01:44:11 -0700
Processing by PagesController#home as HTML
  Rendering pages/home.html.erb within layouts/application
  Rendered pages/home.html.erb within layouts/application (4.9ms)
Completed 200 OK in 63ms (Views: 57.7ms)


Started GET "/" for 127.0.0.1 at 2018-04-15 01:44:14 -0700
Processing by PagesController#home as HTML
  Rendering pages/home.html.erb within layouts/application
  Rendered pages/home.html.erb within layouts/application (6.8ms)
Completed 200 OK in 51ms (Views: 45.3ms)


Started GET "/" for 127.0.0.1 at 2018-04-15 01:44:32 -0700
Processing by PagesController#home as HTML
  Rendering pages/home.html.erb within layouts/application
  Rendered pages/home.html.erb within layouts/application (3.5ms)
Completed 200 OK in 41ms (Views: 38.6ms)


Started GET "/" for 127.0.0.1 at 2018-04-15 01:44:34 -0700
Processing by PagesController#home as HTML
  Rendering pages/home.html.erb within layouts/application
  Rendered pages/home.html.erb within layouts/application (4.3ms)
Completed 200 OK in 61ms (Views: 58.1ms)


Started GET "/" for 127.0.0.1 at 2018-04-15 01:44:40 -0700
Processing by PagesController#home as HTML
  Rendering pages/home.html.erb within layouts/application
  Rendered pages/home.html.erb within layouts/application (3.6ms)
Completed 200 OK in 52ms (Views: 46.5ms)


Started GET "/" for 127.0.0.1 at 2018-04-15 01:46:57 -0700
Processing by PagesController#home as HTML
  Rendering pages/home.html.erb within layouts/application
  Rendered pages/home.html.erb within layouts/application (3658.9ms)
Completed 200 OK in 3804ms (Views: 3786.9ms)


Started GET "/" for 127.0.0.1 at 2018-04-15 01:47:05 -0700
Processing by PagesController#home as HTML
  Rendering pages/home.html.erb within layouts/application
  Rendered pages/home.html.erb within layouts/application (3.2ms)
Completed 200 OK in 78ms (Views: 74.6ms)


Started GET "/" for 127.0.0.1 at 2018-04-15 01:47:41 -0700
Processing by PagesController#home as HTML
  Rendering pages/home.html.erb within layouts/application
  Rendered pages/home.html.erb within layouts/application (49.4ms)
Completed 200 OK in 206ms (Views: 202.2ms)


Started GET "/" for 127.0.0.1 at 2018-04-15 01:47:50 -0700
Processing by PagesController#home as HTML
  Rendering pages/home.html.erb within layouts/application
  Rendered pages/home.html.erb within layouts/application (3.8ms)
Completed 200 OK in 3199ms (Views: 3195.8ms)


Started GET "/" for 127.0.0.1 at 2018-04-15 01:48:05 -0700
Processing by PagesController#home as HTML
  Rendering pages/home.html.erb within layouts/application
  Rendered pages/home.html.erb within layouts/application (37.7ms)
Completed 200 OK in 236ms (Views: 229.6ms)


Started GET "/" for 127.0.0.1 at 2018-04-15 01:48:07 -0700
Processing by PagesController#home as HTML
  Rendering pages/home.html.erb within layouts/application
  Rendered pages/home.html.erb within layouts/application (4.5ms)
Completed 200 OK in 54ms (Views: 49.9ms)


Started GET "/" for 127.0.0.1 at 2018-04-15 01:48:09 -0700
Processing by PagesController#home as HTML
  Rendering pages/home.html.erb within layouts/application
  Rendered pages/home.html.erb within layouts/application (4.7ms)
Completed 200 OK in 53ms (Views: 47.5ms)


Started GET "/" for 127.0.0.1 at 2018-04-15 01:48:11 -0700
Processing by PagesController#home as HTML
  Rendering pages/home.html.erb within layouts/application
  Rendered pages/home.html.erb within layouts/application (4.3ms)
Completed 200 OK in 62ms (Views: 57.8ms)


Started GET "/" for 127.0.0.1 at 2018-04-15 01:48:41 -0700
Processing by PagesController#home as HTML
  Rendering pages/home.html.erb within layouts/application
  Rendered pages/home.html.erb within layouts/application (36.4ms)
Completed 200 OK in 127ms (Views: 124.2ms)


Started GET "/" for 127.0.0.1 at 2018-04-15 01:48:49 -0700
Processing by PagesController#home as HTML
  Rendering pages/home.html.erb within layouts/application
  Rendered pages/home.html.erb within layouts/application (4.0ms)
Completed 200 OK in 40ms (Views: 35.0ms)


